<?xml version="1.0" encoding="UTF-8"?>
<!-- Generated by org.testng.reporters.JUnitReportReporter -->
<testsuite hostname="RABIULs-MBP" failures="0" tests="1" name="com.RH.mysqldb.Top5employees" time="0.334" errors="0" timestamp="2022-05-11T16:07:43 EDT" skipped="0">
  <testcase classname="com.RH.mysqldb.Top5employees" name="dbconnection" time="0.334"/>
  <system-out/>
</testsuite> <!-- com.RH.mysqldb.Top5employees -->
