<?xml version="1.0" encoding="UTF-8"?>
<!-- Generated by org.testng.reporters.JUnitReportReporter -->
<testsuite hostname="RABIULs-MBP" failures="0" tests="1" name="com.RH.mysqldb.Top5countries" time="0.356" errors="0" timestamp="2022-05-11T16:09:33 EDT" skipped="0">
  <testcase classname="com.RH.mysqldb.Top5countries" name="dbconnectionTop" time="0.356"/>
  <system-out/>
</testsuite> <!-- com.RH.mysqldb.Top5countries -->
