<?xml version="1.0" encoding="UTF-8"?>
<!-- Generated by org.testng.reporters.JUnitReportReporter -->
<testsuite hostname="RABIULs-MBP" failures="0" tests="1" name="com.RH.mysqldb.Top5locations" time="0.328" errors="0" timestamp="2022-05-11T16:08:53 EDT" skipped="0">
  <testcase classname="com.RH.mysqldb.Top5locations" name="dbconnection" time="0.328"/>
  <system-out/>
</testsuite> <!-- com.RH.mysqldb.Top5locations -->
